<?xml version="1.0" encoding="UTF-8"?>
<testsuite xmlns:xsi="http://www.w3.org/2001/XMLSchema-instance" xsi:noNamespaceSchemaLocation="https://maven.apache.org/surefire/maven-surefire-plugin/xsd/surefire-test-report.xsd" version="3.0.2" name="com.food.ordering.system.order.service.domain.OrderApplicationServiceTest" time="2.368" tests="4" errors="0" skipped="0" failures="0">
  <properties>
[...]
</properties>
  <testcase name="testCreateOrderWithWrongTotalPrice" classname="com.food.ordering.system.order.service.domain.OrderApplicationServiceTest" time="0.082">
    <system-out><![CDATA[
  .   ____          _            __ _ _
 /\\ / ___'_ __ _ _(_)_ __  __ _ \ \ \ \
( ( )\___ | '_ | '_| | '_ \/ _` | \ \ \ \
 \\/  ___)| |_)| | | | | || (_| |  ) ) ) )
  '  |____| .__|_| |_|_| |_\__, | / / / /
 =========|_|==============|___/=/_/_/_/

 :: Spring Boot ::                (v3.5.4)

2025-08-31T21:44:59.148+07:00  INFO 10224 --- [           main] .f.o.s.o.s.d.OrderApplicationServiceTest : Starting OrderApplicationServiceTest using Java 21.0.5 with PID 10224 (started by ASUS in D:\self-learning\food-ordering-system\order-service\order-domain\order-application-service)
2025-08-31T21:44:59.151+07:00  INFO 10224 --- [           main] .f.o.s.o.s.d.OrderApplicationServiceTest : No active profile set, falling back to 1 default profile: "default"
2025-08-31T21:45:00.473+07:00  INFO 10224 --- [           main] .f.o.s.o.s.d.OrderApplicationServiceTest : Started OrderApplicationServiceTest in 1.705 seconds (process running for 3.675)
]]></system-out>
  </testcase>
  <testcase name="testCreateOrder" classname="com.food.ordering.system.order.service.domain.OrderApplicationServiceTest" time="0.008">
    <system-out><![CDATA[2025-08-31T21:45:00.662+07:00  INFO 10224 --- [           main] c.f.o.s.o.s.d.OrderDomainServiceImpl     : Order with id: com.food.ordering.system.domain.valueobject.OrderId@8a8fcc92 is init
2025-08-31T21:45:00.665+07:00  INFO 10224 --- [           main] c.f.o.s.o.s.domain.OrderCreateHelper     : Order is saved with id: 15a497c1-0f4b-4eff-b9f4-c402c8c07afb
2025-08-31T21:45:00.665+07:00  INFO 10224 --- [           main] c.f.o.s.o.s.domain.OrderCreateHelper     : Order is created with id: aec38325-fb29-4f13-9e24-3658414136fc
2025-08-31T21:45:00.665+07:00  INFO 10224 --- [           main] c.f.o.s.o.s.d.OrderCreateCommandHandler  : Order is created with id: aec38325-fb29-4f13-9e24-3658414136fc
]]></system-out>
  </testcase>
  <testcase name="testCreateOrderWithWrongProductPrice" classname="com.food.ordering.system.order.service.domain.OrderApplicationServiceTest" time="0.005"/>
  <testcase name="testCreateOrderWithPassiveRestaurant" classname="com.food.ordering.system.order.service.domain.OrderApplicationServiceTest" time="0.005"/>
</testsuite>